2024-06-19 15:14:35.988  INFO 12884 --- [main] c.c.e.EalUsusUsuariosApplication         : Starting EalUsusUsuariosApplication using Java 17.0.10 on DESKTOP-8N7OJJ8 with PID 12884 (C:\Proyectos\apis\usuarios-q\target\classes started by Usuario in C:\Proyectos\apis\usuarios-q)
2024-06-19 15:14:35.993  INFO 12884 --- [main] c.c.e.EalUsusUsuariosApplication         : No active profile set, falling back to 1 default profile: "default"
2024-06-19 15:14:37.142  INFO 12884 --- [main] .s.d.r.c.RepositoryConfigurationDelegate : Bootstrapping Spring Data JPA repositories in DEFAULT mode.
2024-06-19 15:14:37.242  INFO 12884 --- [main] .s.d.r.c.RepositoryConfigurationDelegate : Finished Spring Data repository scanning in 78 ms. Found 1 JPA repository interfaces.
2024-06-19 15:14:38.444  INFO 12884 --- [main] o.s.b.w.embedded.tomcat.TomcatWebServer  : Tomcat initialized with port(s): 8080 (http)
2024-06-19 15:14:38.462  INFO 12884 --- [main] o.apache.catalina.core.StandardService   : Starting service [Tomcat]
2024-06-19 15:14:38.463  INFO 12884 --- [main] org.apache.catalina.core.StandardEngine  : Starting Servlet engine: [Apache Tomcat/9.0.65]
2024-06-19 15:14:38.659  INFO 12884 --- [main] o.a.c.c.C.[Tomcat].[localhost].[/]       : Initializing Spring embedded WebApplicationContext
2024-06-19 15:14:38.660  INFO 12884 --- [main] w.s.c.ServletWebServerApplicationContext : Root WebApplicationContext: initialization completed in 2589 ms
2024-06-19 15:14:38.711  INFO 12884 --- [main] com.zaxxer.hikari.HikariDataSource       : HikariPool-1 - Starting...
2024-06-19 15:14:39.038  INFO 12884 --- [main] com.zaxxer.hikari.HikariDataSource       : HikariPool-1 - Start completed.
2024-06-19 15:14:39.055  INFO 12884 --- [main] o.s.b.a.h2.H2ConsoleAutoConfiguration    : H2 console available at '/h2-console'. Database available at 'jdbc:h2:mem:testdb'
2024-06-19 15:14:39.262  INFO 12884 --- [main] o.hibernate.jpa.internal.util.LogHelper  : HHH000204: Processing PersistenceUnitInfo [name: default]
2024-06-19 15:14:39.360  INFO 12884 --- [main] org.hibernate.Version                    : HHH000412: Hibernate ORM core version 5.6.10.Final
2024-06-19 15:14:39.644  INFO 12884 --- [main] o.hibernate.annotations.common.Version   : HCANN000001: Hibernate Commons Annotations {5.1.2.Final}
2024-06-19 15:14:39.856  INFO 12884 --- [main] org.hibernate.dialect.Dialect            : HHH000400: Using dialect: org.hibernate.dialect.H2Dialect
2024-06-19 15:14:40.788  INFO 12884 --- [main] o.h.e.t.j.p.i.JtaPlatformInitiator       : HHH000490: Using JtaPlatform implementation: [org.hibernate.engine.transaction.jta.platform.internal.NoJtaPlatform]
2024-06-19 15:14:40.802  INFO 12884 --- [main] j.LocalContainerEntityManagerFactoryBean : Initialized JPA EntityManagerFactory for persistence unit 'default'
2024-06-19 15:14:41.367  WARN 12884 --- [main] JpaBaseConfiguration$JpaWebConfiguration : spring.jpa.open-in-view is enabled by default. Therefore, database queries may be performed during view rendering. Explicitly configure spring.jpa.open-in-view to disable this warning
2024-06-19 15:14:42.595  INFO 12884 --- [main] o.s.b.w.embedded.tomcat.TomcatWebServer  : Tomcat started on port(s): 8080 (http) with context path ''
2024-06-19 15:14:42.615  INFO 12884 --- [main] c.c.e.EalUsusUsuariosApplication         : Started EalUsusUsuariosApplication in 7.36 seconds (JVM running for 8.008)
2024-06-19 15:15:05.964  INFO 12884 --- [http-nio-8080-exec-1] o.a.c.c.C.[Tomcat].[localhost].[/]       : Initializing Spring DispatcherServlet 'dispatcherServlet'
2024-06-19 15:15:05.969  INFO 12884 --- [http-nio-8080-exec-1] o.s.web.servlet.DispatcherServlet        : Initializing Servlet 'dispatcherServlet'
2024-06-19 15:15:05.979  INFO 12884 --- [http-nio-8080-exec-1] o.s.web.servlet.DispatcherServlet        : Completed initialization in 8 ms
2024-06-19 15:15:07.877  INFO 12884 --- [http-nio-8080-exec-9] o.springdoc.api.AbstractOpenApiResource  : Init duration for springdoc-openapi is: 962 ms
2024-06-19 15:15:36.867  INFO 12884 --- [SpringApplicationShutdownHook] j.LocalContainerEntityManagerFactoryBean : Closing JPA EntityManagerFactory for persistence unit 'default'
2024-06-19 15:15:36.898  INFO 12884 --- [SpringApplicationShutdownHook] com.zaxxer.hikari.HikariDataSource       : HikariPool-1 - Shutdown initiated...
2024-06-19 15:15:36.909  INFO 12884 --- [SpringApplicationShutdownHook] com.zaxxer.hikari.HikariDataSource       : HikariPool-1 - Shutdown completed.
